<?xml version="1.0" encoding="UTF-8"?>
<!-- Generated by org.testng.reporters.JUnitReportReporter -->
<testsuite hostname="DESKTOP-4COMNSG" failures="0" tests="1" name="com.projectDemo.lunchChrome" time="6.892" errors="0" timestamp="01 Aug 2019 20:03:46 GMT" skipped="0">
  <testcase classname="com.projectDemo.lunchChrome" name="lunch" time="6.892"/>
</testsuite> <!-- com.projectDemo.lunchChrome -->
