<?xml version="1.0" encoding="UTF-8"?>
<!-- Generated by org.testng.reporters.JUnitReportReporter -->
<testsuite hostname="DESKTOP-4COMNSG" failures="0" tests="1" name="com.projectDemo.launchChrome" time="7.907" errors="0" timestamp="01 Aug 2019 20:18:20 GMT" skipped="0">
  <testcase classname="com.projectDemo.launchChrome" name="launch" time="7.907"/>
</testsuite> <!-- com.projectDemo.launchChrome -->
