<?xml version="1.0" encoding="UTF-8"?>
<!-- Generated by org.testng.reporters.JUnitReportReporter -->
<testsuite hostname="DESKTOP-4COMNSG" failures="0" tests="1" name="com.projectDemo.launchChrome" time="5.200" errors="0" timestamp="01 Aug 2019 21:01:33 GMT" skipped="0">
  <testcase classname="com.projectDemo.launchChrome" name="launch" time="5.200"/>
</testsuite> <!-- com.projectDemo.launchChrome -->
