<?xml version="1.0" encoding="UTF-8"?>
<!-- Generated by org.testng.reporters.JUnitReportReporter -->
<testsuite hostname="DESKTOP-4COMNSG" failures="0" tests="1" name="com.projectDemo.ExtentReportTest" time="3.653" errors="0" timestamp="02 Aug 2019 19:10:58 GMT" skipped="0">
  <testcase classname="com.projectDemo.ExtentReportTest" name="extentReportsDemo" time="3.653"/>
</testsuite> <!-- com.projectDemo.ExtentReportTest -->
